1632575497682	geckodriver	INFO	Listening on 127.0.0.1:65033
1632575500598	mozrunner::runner	INFO	Running command: "C:\\Program Files\\Mozilla Firefox\\firefox.exe" "--marionette" "-no-remote" "-profile" "C:\\Users\\USER\\AppData\\Local\\Temp\\rust_mozprofileCFbvy1"
1632575502914	Marionette	INFO	Marionette enabled
console.warn: SearchSettings: "get: No settings file exists, new profile?" (new NotFoundError("Could not open the file at C:\\Users\\USER\\AppData\\Local\\Temp\\rust_mozprofileCFbvy1\\search.json.mozlz4", (void 0)))
1632575514736	Marionette	INFO	Listening on port 65045
1632575515762	Marionette	WARN	TLS certificate errors will be ignored for this session
JavaScript error: chrome://marionette/content/driver.js, line 2245: NS_ERROR_ILLEGAL_VALUE: Component returned failure code: 0x80070057 (NS_ERROR_ILLEGAL_VALUE) [nsIObserverService.removeObserver]
JavaScript error: chrome://marionette/content/driver.js, line 2245: NS_ERROR_ILLEGAL_VALUE: Component returned failure code: 0x80070057 (NS_ERROR_ILLEGAL_VALUE) [nsIObserverService.removeObserver]
1632575517574	Marionette	INFO	Stopped listening on port 65045
1632575528407	geckodriver	INFO	Listening on 127.0.0.1:58505
1632575531378	mozrunner::runner	INFO	Running command: "C:\\Program Files\\Mozilla Firefox\\firefox.exe" "--marionette" "-no-remote" "-profile" "C:\\Users\\USER\\AppData\\Local\\Temp\\rust_mozprofilexiiLxz"
1632575533702	Marionette	INFO	Marionette enabled
1632575556969	geckodriver	INFO	Listening on 127.0.0.1:60531
1632575560003	mozrunner::runner	INFO	Running command: "C:\\Program Files\\Mozilla Firefox\\firefox.exe" "--marionette" "-no-remote" "-profile" "C:\\Users\\USER\\AppData\\Local\\Temp\\rust_mozprofileeibVa2"
1632575562161	Marionette	INFO	Marionette enabled
console.warn: SearchSettings: "get: No settings file exists, new profile?" (new NotFoundError("Could not open the file at C:\\Users\\USER\\AppData\\Local\\Temp\\rust_mozprofileeibVa2\\search.json.mozlz4", (void 0)))
1632575567925	Marionette	INFO	Listening on port 60539
1632575568022	Marionette	WARN	TLS certificate errors will be ignored for this session
1632575611711	geckodriver	INFO	Listening on 127.0.0.1:54522
1632575614691	mozrunner::runner	INFO	Running command: "C:\\Program Files\\Mozilla Firefox\\firefox.exe" "--marionette" "-no-remote" "-profile" "C:\\Users\\USER\\AppData\\Local\\Temp\\rust_mozprofileuGGi9A"
1632575618020	Marionette	INFO	Marionette enabled
console.warn: SearchSettings: "get: No settings file exists, new profile?" (new NotFoundError("Could not open the file at C:\\Users\\USER\\AppData\\Local\\Temp\\rust_mozprofileuGGi9A\\search.json.mozlz4", (void 0)))
[Parent 8048, IPC I/O Parent] WARNING: file /builds/worker/checkouts/gecko/ipc/chromium/src/base/process_util_win.cc:167
1632575627293	Marionette	INFO	Listening on port 54531
1632575630996	Marionette	WARN	TLS certificate errors will be ignored for this session
1632575821458	geckodriver	INFO	Listening on 127.0.0.1:65328
1632575824463	mozrunner::runner	INFO	Running command: "C:\\Program Files\\Mozilla Firefox\\firefox.exe" "--marionette" "-no-remote" "-profile" "C:\\Users\\USER\\AppData\\Local\\Temp\\rust_mozprofileknzY0J"
1632575849738	geckodriver	INFO	Listening on 127.0.0.1:49752
1632575852706	mozrunner::runner	INFO	Running command: "C:\\Program Files\\Mozilla Firefox\\firefox.exe" "--marionette" "-no-remote" "-profile" "C:\\Users\\USER\\AppData\\Local\\Temp\\rust_mozprofiler0tYps"
1632575855023	Marionette	INFO	Marionette enabled
console.warn: SearchSettings: "get: No settings file exists, new profile?" (new NotFoundError("Could not open the file at C:\\Users\\USER\\AppData\\Local\\Temp\\rust_mozprofiler0tYps\\search.json.mozlz4", (void 0)))
1632575864505	Marionette	INFO	Listening on port 53749
1632575864752	Marionette	WARN	TLS certificate errors will be ignored for this session
1632575925748	geckodriver	INFO	Listening on 127.0.0.1:59186
1632575928723	mozrunner::runner	INFO	Running command: "C:\\Program Files\\Mozilla Firefox\\firefox.exe" "--marionette" "-no-remote" "-profile" "C:\\Users\\USER\\AppData\\Local\\Temp\\rust_mozprofileequ0vU"
1632575930955	Marionette	INFO	Marionette enabled
console.warn: SearchSettings: "get: No settings file exists, new profile?" (new NotFoundError("Could not open the file at C:\\Users\\USER\\AppData\\Local\\Temp\\rust_mozprofileequ0vU\\search.json.mozlz4", (void 0)))
1632575936868	Marionette	INFO	Listening on port 59195
1632575937169	Marionette	WARN	TLS certificate errors will be ignored for this session
1632575991694	geckodriver	INFO	Listening on 127.0.0.1:65530
1632575994701	mozrunner::runner	INFO	Running command: "C:\\Program Files\\Mozilla Firefox\\firefox.exe" "--marionette" "-no-remote" "-profile" "C:\\Users\\USER\\AppData\\Local\\Temp\\rust_mozprofilepD0h1P"
1632575997028	Marionette	INFO	Marionette enabled
console.warn: SearchSettings: "get: No settings file exists, new profile?" (new NotFoundError("Could not open the file at C:\\Users\\USER\\AppData\\Local\\Temp\\rust_mozprofilepD0h1P\\search.json.mozlz4", (void 0)))
1632576002476	Marionette	INFO	Listening on port 49155
1632576002743	Marionette	WARN	TLS certificate errors will be ignored for this session
1632581608937	geckodriver	INFO	Listening on 127.0.0.1:54964
1632581611907	mozrunner::runner	INFO	Running command: "C:\\Program Files\\Mozilla Firefox\\firefox.exe" "--marionette" "-no-remote" "-profile" "C:\\Users\\USER\\AppData\\Local\\Temp\\rust_mozprofileyQ42LA"
1632581614839	Marionette	INFO	Marionette enabled
console.warn: SearchSettings: "get: No settings file exists, new profile?" (new NotFoundError("Could not open the file at C:\\Users\\USER\\AppData\\Local\\Temp\\rust_mozprofileyQ42LA\\search.json.mozlz4", (void 0)))
1632581621834	Marionette	INFO	Listening on port 62645
1632581621957	Marionette	WARN	TLS certificate errors will be ignored for this session
1632581663330	geckodriver	INFO	Listening on 127.0.0.1:54473
1632581666335	mozrunner::runner	INFO	Running command: "C:\\Program Files\\Mozilla Firefox\\firefox.exe" "--marionette" "-no-remote" "-profile" "C:\\Users\\USER\\AppData\\Local\\Temp\\rust_mozprofile7k5jPp"
1632581687415	Marionette	INFO	Marionette enabled
console.warn: SearchSettings: "get: No settings file exists, new profile?" (new NotFoundError("Could not open the file at C:\\Users\\USER\\AppData\\Local\\Temp\\rust_mozprofile7k5jPp\\search.json.mozlz4", (void 0)))
1632581695448	Marionette	INFO	Listening on port 54892
1632581695956	Marionette	WARN	TLS certificate errors will be ignored for this session
1632581739936	geckodriver	INFO	Listening on 127.0.0.1:56488
1632581742893	mozrunner::runner	INFO	Running command: "C:\\Program Files\\Mozilla Firefox\\firefox.exe" "--marionette" "-no-remote" "-profile" "C:\\Users\\USER\\AppData\\Local\\Temp\\rust_mozprofilePm7RQe"
1632581745114	Marionette	INFO	Marionette enabled
console.warn: SearchSettings: "get: No settings file exists, new profile?" (new NotFoundError("Could not open the file at C:\\Users\\USER\\AppData\\Local\\Temp\\rust_mozprofilePm7RQe\\search.json.mozlz4", (void 0)))
1632581751010	Marionette	INFO	Listening on port 62644
1632581751542	Marionette	WARN	TLS certificate errors will be ignored for this session
1632581762514	Marionette	INFO	Stopped listening on port 62644
